/*C12*/SET SCHEMA PUBLIC
DISCONNECT
/*C21*/SET SCHEMA PUBLIC
DISCONNECT
/*C20*/SET SCHEMA PUBLIC
DISCONNECT
/*C19*/SET SCHEMA PUBLIC
DISCONNECT
/*C18*/SET SCHEMA PUBLIC
DISCONNECT
/*C17*/SET SCHEMA PUBLIC
DISCONNECT
/*C16*/SET SCHEMA PUBLIC
DISCONNECT
/*C15*/SET SCHEMA PUBLIC
DISCONNECT
/*C14*/SET SCHEMA PUBLIC
DISCONNECT
/*C13*/SET SCHEMA PUBLIC
DISCONNECT
/*C22*/SET SCHEMA PUBLIC
DISCONNECT
/*C23*/SET SCHEMA PUBLIC
DISCONNECT
/*C24*/SET SCHEMA PUBLIC
DISCONNECT
/*C25*/SET SCHEMA PUBLIC
DISCONNECT
/*C26*/SET SCHEMA PUBLIC
DISCONNECT
/*C27*/SET SCHEMA PUBLIC
DISCONNECT
/*C28*/SET SCHEMA PUBLIC
DISCONNECT
/*C29*/SET SCHEMA PUBLIC
DISCONNECT
/*C30*/SET SCHEMA PUBLIC
DISCONNECT
/*C31*/SET SCHEMA PUBLIC
DISCONNECT
/*C42*/SET SCHEMA PUBLIC
SET SCHEMA PUBLIC
/*C43*/SET SCHEMA PUBLIC
SET SCHEMA PUBLIC
/*C44*/SET SCHEMA PUBLIC
SET SCHEMA PUBLIC
/*C45*/SET SCHEMA PUBLIC
SET SCHEMA PUBLIC
/*C46*/SET SCHEMA PUBLIC
SET SCHEMA PUBLIC
/*C47*/SET SCHEMA PUBLIC
SET SCHEMA PUBLIC
/*C48*/SET SCHEMA PUBLIC
SET SCHEMA PUBLIC
/*C49*/SET SCHEMA PUBLIC
SET SCHEMA PUBLIC
/*C50*/SET SCHEMA PUBLIC
SET SCHEMA PUBLIC
/*C51*/SET SCHEMA PUBLIC
SET SCHEMA PUBLIC
/*C52*/SET SCHEMA PUBLIC
SET SCHEMA PUBLIC
/*C49*/DISCONNECT
/*C45*/DISCONNECT
/*C43*/DISCONNECT
/*C47*/DISCONNECT
/*C46*/DISCONNECT
/*C44*/DISCONNECT
/*C32*/SET SCHEMA PUBLIC
DISCONNECT
/*C33*/SET SCHEMA PUBLIC
DISCONNECT
/*C34*/SET SCHEMA PUBLIC
DISCONNECT
/*C35*/SET SCHEMA PUBLIC
DISCONNECT
/*C36*/SET SCHEMA PUBLIC
DISCONNECT
/*C37*/SET SCHEMA PUBLIC
DISCONNECT
/*C38*/SET SCHEMA PUBLIC
DISCONNECT
/*C39*/SET SCHEMA PUBLIC
DISCONNECT
/*C40*/SET SCHEMA PUBLIC
DISCONNECT
/*C41*/SET SCHEMA PUBLIC
DISCONNECT
/*C53*/SET SCHEMA PUBLIC
INSERT INTO PRODUCTS VALUES(7,'Olive oil',125,4.45,'1',NULL)
COMMIT
DELETE FROM PRODUCTS WHERE ID=3
INSERT INTO PRODUCTS VALUES(3,'Gazpacho',30,1.77,'1',NULL)
COMMIT
DELETE FROM PRODUCTS WHERE ID=6
COMMIT
